<?xml version="1.0" encoding="UTF-8"?>
<!-- Generated by org.testng.reporters.JUnitReportReporter -->
<testsuite name="com.Demo.BluePrint" tests="1" time="452.713" ignored="0" failures="0" timestamp="28 Feb 2020 08:28:27 GMT" skipped="0" hostname="nchaudhari-pc" errors="0">
  <testcase name="demoSAMtest" time="452.713" classname="com.Demo.BluePrint"/>
</testsuite> <!-- com.Demo.BluePrint -->
